<?xml version="1.0" encoding="UTF-8"?>
<robot generator="Robot 3.1.2 (Python 3.7.4 on win32)" generated="20191213 18:33:58.193" rpa="false">
<suite id="s1" name="GoogleTest" source="D:\Projects\Automation\RobotTestJob\tests\GoogleTest.robot">
<test id="s1-t1" name="Page Should Show Header">
<kw name="Open Browser And Go To Page" type="setup">
<kw name="Open Browser" library="Selenium2Library">
<doc>Opens a new browser instance to the given ``url``.</doc>
<arguments>
<arg>${FORM_URL}</arg>
<arg>${BROWSER}</arg>
</arguments>
<msg timestamp="20191213 18:33:58.561" level="INFO">Opening browser 'chrome' to base url 'https://www.google.com/'.</msg>
<status status="PASS" starttime="20191213 18:33:58.560" endtime="20191213 18:34:06.655"></status>
</kw>
<status status="PASS" starttime="20191213 18:33:58.559" endtime="20191213 18:34:06.656"></status>
</kw>
<kw name="Page Should Contain" library="Selenium2Library">
<doc>Verifies that current page contains ``text``.</doc>
<arguments>
<arg>Google</arg>
</arguments>
<msg timestamp="20191213 18:34:06.685" level="INFO">Current page contains text 'Google'.</msg>
<status status="PASS" starttime="20191213 18:34:06.656" endtime="20191213 18:34:06.685"></status>
</kw>
<kw name="Close Browser" library="Selenium2Library" type="teardown">
<doc>Closes the current browser.</doc>
<status status="PASS" starttime="20191213 18:34:06.686" endtime="20191213 18:34:09.032"></status>
</kw>
<doc>When visit the page it should show the text Hello World</doc>
<status status="PASS" starttime="20191213 18:33:58.558" endtime="20191213 18:34:09.033" critical="yes"></status>
</test>
<status status="PASS" starttime="20191213 18:33:58.195" endtime="20191213 18:34:09.037"></status>
</suite>
<statistics>
<total>
<stat pass="1" fail="0">Critical Tests</stat>
<stat pass="1" fail="0">All Tests</stat>
</total>
<tag>
</tag>
<suite>
<stat pass="1" fail="0" id="s1" name="GoogleTest">GoogleTest</stat>
</suite>
</statistics>
<errors>
</errors>
</robot>
